{"numTotalTestSuites":13,"numPassedTestSuites":13,"numFailedTestSuites":0,"numPendingTestSuites":0,"numTotalTests":36,"numPassedTests":36,"numFailedTests":0,"numPendingTests":0,"numTodoTests":0,"snapshot":{"added":0,"failure":false,"filesAdded":0,"filesRemoved":0,"filesRemovedList":[],"filesUnmatched":0,"filesUpdated":0,"matched":0,"total":0,"unchecked":0,"uncheckedKeysByFile":[],"unmatched":0,"updated":0,"didUpdate":false},"startTime":1775861035297,"success":true,"testResults":[{"assertionResults":[{"ancestorTitles":["ForgotPasswordForm"],"fullName":"ForgotPasswordForm renders the forgot password form","status":"passed","title":"renders the forgot password form","duration":131.64380000000074,"failureMessages":[],"meta":{}},{"ancestorTitles":["ForgotPasswordForm"],"fullName":"ForgotPasswordForm renders sign in link","status":"passed","title":"renders sign in link","duration":8.576399999999921,"failureMessages":[],"meta":{}},{"ancestorTitles":["ForgotPasswordForm"],"fullName":"ForgotPasswordForm shows error when email is empty","status":"passed","title":"shows error when email is empty","duration":91.22839999999997,"failureMessages":[],"meta":{}},{"ancestorTitles":["ForgotPasswordForm"],"fullName":"ForgotPasswordForm clears error when user types","status":"passed","title":"clears error when user types","duration":146.61439999999857,"failureMessages":[],"meta":{}},{"ancestorTitles":["ForgotPasswordForm"],"fullName":"ForgotPasswordForm shows success message after successful submission","status":"passed","title":"shows success message after successful submission","duration":328.5535999999993,"failureMessages":[],"meta":{}},{"ancestorTitles":["ForgotPasswordForm"],"fullName":"ForgotPasswordForm allows retrying after success","status":"passed","title":"allows retrying after success","duration":418.28719999999885,"failureMessages":[],"meta":{}},{"ancestorTitles":["ForgotPasswordForm"],"fullName":"ForgotPasswordForm displays API error message","status":"passed","title":"displays API error message","duration":341.65880000000107,"failureMessages":[],"meta":{}},{"ancestorTitles":["ForgotPasswordForm"],"fullName":"ForgotPasswordForm shows loading text while submitting","status":"passed","title":"shows loading text while submitting","duration":329.5686999999998,"failureMessages":[],"meta":{}}],"startTime":1775861043521,"endTime":1775861045318.5686,"status":"passed","message":"","name":"E:/repositories/game-guild/game-guild/apps/web/src/components/__tests__/forgot-password-form.test.tsx"},{"assertionResults":[{"ancestorTitles":["InputOTPForm"],"fullName":"InputOTPForm renders the OTP form with email displayed","status":"passed","title":"renders the OTP form with email displayed","duration":162.02249999999913,"failureMessages":[],"meta":{}},{"ancestorTitles":["InputOTPForm"],"fullName":"InputOTPForm renders resend button when onResend is provided","status":"passed","title":"renders resend button when onResend is provided","duration":24.109199999998964,"failureMessages":[],"meta":{}},{"ancestorTitles":["InputOTPForm"],"fullName":"InputOTPForm does not render resend button when onResend is not provided","status":"passed","title":"does not render resend button when onResend is not provided","duration":11.725900000001275,"failureMessages":[],"meta":{}},{"ancestorTitles":["InputOTPForm"],"fullName":"InputOTPForm renders support links","status":"passed","title":"renders support links","duration":9.10319999999956,"failureMessages":[],"meta":{}},{"ancestorTitles":["InputOTPForm"],"fullName":"InputOTPForm disables verify button when code is not 6 digits","status":"passed","title":"disables verify button when code is not 6 digits","duration":12.70679999999993,"failureMessages":[],"meta":{}},{"ancestorTitles":["InputOTPForm"],"fullName":"InputOTPForm shows error for incomplete code on form submit","status":"passed","title":"shows error for incomplete code on form submit","duration":25.009500000000116,"failureMessages":[],"meta":{}},{"ancestorTitles":["InputOTPForm"],"fullName":"InputOTPForm displays error when onVerify throws","status":"passed","title":"displays error when onVerify throws","duration":223.01800000000003,"failureMessages":[],"meta":{}},{"ancestorTitles":["InputOTPForm"],"fullName":"InputOTPForm calls onResend when resend button is clicked","status":"passed","title":"calls onResend when resend button is clicked","duration":45.58550000000105,"failureMessages":[],"meta":{}},{"ancestorTitles":["InputOTPForm"],"fullName":"InputOTPForm displays error when onResend throws","status":"passed","title":"displays error when onResend throws","duration":46.641200000000026,"failureMessages":[],"meta":{}},{"ancestorTitles":["InputOTPForm"],"fullName":"InputOTPForm shows sending text on resend button while resending","status":"passed","title":"shows sending text on resend button while resending","duration":49.04190000000017,"failureMessages":[],"meta":{}}],"startTime":1775861043603,"endTime":1775861044213.042,"status":"passed","message":"","name":"E:/repositories/game-guild/game-guild/apps/web/src/components/__tests__/input-otp-form.test.tsx"},{"assertionResults":[{"ancestorTitles":["VerifyPageContent"],"fullName":"VerifyPageContent redirects to /sign-in when email param is missing","status":"passed","title":"redirects to /sign-in when email param is missing","duration":17.376500000000306,"failureMessages":[],"meta":{}},{"ancestorTitles":["VerifyPageContent"],"fullName":"VerifyPageContent renders OTP form when email param is present","status":"passed","title":"renders OTP form when email param is present","duration":47.77649999999994,"failureMessages":[],"meta":{}},{"ancestorTitles":["VerifyPageContent"],"fullName":"VerifyPageContent renders the resend button","status":"passed","title":"renders the resend button","duration":73.10050000000047,"failureMessages":[],"meta":{}}],"startTime":1775861044841,"endTime":1775861044980.1006,"status":"passed","message":"","name":"E:/repositories/game-guild/game-guild/apps/web/src/components/__tests__/verify-page-content.test.tsx"},{"assertionResults":[{"ancestorTitles":["useAuth"],"fullName":"useAuth returns initial state with isLoading false and no error","status":"passed","title":"returns initial state with isLoading false and no error","duration":24.212999999999738,"failureMessages":[],"meta":{}},{"ancestorTitles":["useAuth","CSRF token"],"fullName":"useAuth CSRF token fetches CSRF token before signIn","status":"passed","title":"fetches CSRF token before signIn","duration":7.242999999999483,"failureMessages":[],"meta":{}},{"ancestorTitles":["useAuth","CSRF token"],"fullName":"useAuth CSRF token throws when CSRF fetch fails","status":"passed","title":"throws when CSRF fetch fails","duration":3.9606999999996333,"failureMessages":[],"meta":{}},{"ancestorTitles":["useAuth","signIn"],"fullName":"useAuth signIn sends credentials to the correct endpoint","status":"passed","title":"sends credentials to the correct endpoint","duration":4.654400000000351,"failureMessages":[],"meta":{}},{"ancestorTitles":["useAuth","signIn"],"fullName":"useAuth signIn sets isLoading to true during signIn","status":"passed","title":"sets isLoading to true during signIn","duration":10.30579999999918,"failureMessages":[],"meta":{}},{"ancestorTitles":["useAuth","signIn"],"fullName":"useAuth signIn sets error on signIn failure","status":"passed","title":"sets error on signIn failure","duration":3.459200000000237,"failureMessages":[],"meta":{}},{"ancestorTitles":["useAuth","signIn"],"fullName":"useAuth signIn handles OAuth redirect by setting window.location.href","status":"passed","title":"handles OAuth redirect by setting window.location.href","duration":2.932600000000093,"failureMessages":[],"meta":{}},{"ancestorTitles":["useAuth","signIn"],"fullName":"useAuth signIn uses custom basePath","status":"passed","title":"uses custom basePath","duration":3.6432999999997264,"failureMessages":[],"meta":{}},{"ancestorTitles":["useAuth","signIn"],"fullName":"useAuth signIn calls sessionContext.update after successful signIn","status":"passed","title":"calls sessionContext.update after successful signIn","duration":4.246600000000399,"failureMessages":[],"meta":{}},{"ancestorTitles":["useAuth","signUp"],"fullName":"useAuth signUp sends signup data to the correct endpoint","status":"passed","title":"sends signup data to the correct endpoint","duration":2.466699999999946,"failureMessages":[],"meta":{}},{"ancestorTitles":["useAuth","signUp"],"fullName":"useAuth signUp sets error on signUp failure","status":"passed","title":"sets error on signUp failure","duration":2.035500000000866,"failureMessages":[],"meta":{}},{"ancestorTitles":["useAuth","signUp"],"fullName":"useAuth signUp calls sessionContext.update after successful signUp","status":"passed","title":"calls sessionContext.update after successful signUp","duration":2.2839999999996508,"failureMessages":[],"meta":{}},{"ancestorTitles":["useAuth","signOut"],"fullName":"useAuth signOut sends signout request to the correct endpoint","status":"passed","title":"sends signout request to the correct endpoint","duration":2.9347999999999956,"failureMessages":[],"meta":{}},{"ancestorTitles":["useAuth","signOut"],"fullName":"useAuth signOut sets error on signOut failure","status":"passed","title":"sets error on signOut failure","duration":3.0194000000001324,"failureMessages":[],"meta":{}},{"ancestorTitles":["useAuth","clearError"],"fullName":"useAuth clearError clears the error state","status":"passed","title":"clears the error state","duration":3.441000000000713,"failureMessages":[],"meta":{}}],"startTime":1775861043431,"endTime":1775861043513.441,"status":"passed","message":"","name":"E:/repositories/game-guild/game-guild/apps/web/src/lib/__tests__/use-auth.test.ts"}]}