{"numTotalTestSuites":37,"numPassedTestSuites":37,"numFailedTestSuites":0,"numPendingTestSuites":0,"numTotalTests":111,"numPassedTests":111,"numFailedTests":0,"numPendingTests":0,"numTodoTests":0,"snapshot":{"added":0,"failure":false,"filesAdded":0,"filesRemoved":0,"filesRemovedList":[],"filesUnmatched":0,"filesUpdated":0,"matched":0,"total":0,"unchecked":0,"uncheckedKeysByFile":[],"unmatched":0,"updated":0,"didUpdate":false},"startTime":1775861267205,"success":true,"testResults":[{"assertionResults":[{"ancestorTitles":["ForgotPasswordForm"],"fullName":"ForgotPasswordForm renders the forgot password form","status":"passed","title":"renders the forgot password form","duration":181.66510000000017,"failureMessages":[],"meta":{}},{"ancestorTitles":["ForgotPasswordForm"],"fullName":"ForgotPasswordForm renders sign in link","status":"passed","title":"renders sign in link","duration":15.906399999999849,"failureMessages":[],"meta":{}},{"ancestorTitles":["ForgotPasswordForm"],"fullName":"ForgotPasswordForm shows error when email is empty","status":"passed","title":"shows error when email is empty","duration":102.39869999999974,"failureMessages":[],"meta":{}},{"ancestorTitles":["ForgotPasswordForm"],"fullName":"ForgotPasswordForm clears error when user types","status":"passed","title":"clears error when user types","duration":201.26750000000084,"failureMessages":[],"meta":{}},{"ancestorTitles":["ForgotPasswordForm"],"fullName":"ForgotPasswordForm shows success message after successful submission","status":"passed","title":"shows success message after successful submission","duration":389.71569999999974,"failureMessages":[],"meta":{}},{"ancestorTitles":["ForgotPasswordForm"],"fullName":"ForgotPasswordForm allows retrying after success","status":"passed","title":"allows retrying after success","duration":501.59060000000045,"failureMessages":[],"meta":{}},{"ancestorTitles":["ForgotPasswordForm"],"fullName":"ForgotPasswordForm displays API error message","status":"passed","title":"displays API error message","duration":332.2582000000002,"failureMessages":[],"meta":{}},{"ancestorTitles":["ForgotPasswordForm"],"fullName":"ForgotPasswordForm shows loading text while submitting","status":"passed","title":"shows loading text while submitting","duration":388.6376,"failureMessages":[],"meta":{}}],"startTime":1775861272817,"endTime":1775861274931.6377,"status":"passed","message":"","name":"E:/repositories/game-guild/game-guild/apps/web/src/components/__tests__/forgot-password-form.test.tsx"},{"assertionResults":[{"ancestorTitles":["InputOTPForm"],"fullName":"InputOTPForm renders the OTP form with email displayed","status":"passed","title":"renders the OTP form with email displayed","duration":272.9503999999997,"failureMessages":[],"meta":{}},{"ancestorTitles":["InputOTPForm"],"fullName":"InputOTPForm renders resend button when onResend is provided","status":"passed","title":"renders resend button when onResend is provided","duration":106.22379999999976,"failureMessages":[],"meta":{}},{"ancestorTitles":["InputOTPForm"],"fullName":"InputOTPForm does not render resend button when onResend is not provided","status":"passed","title":"does not render resend button when onResend is not provided","duration":16.365700000000288,"failureMessages":[],"meta":{}},{"ancestorTitles":["InputOTPForm"],"fullName":"InputOTPForm renders support links","status":"passed","title":"renders support links","duration":30.115700000000288,"failureMessages":[],"meta":{}},{"ancestorTitles":["InputOTPForm"],"fullName":"InputOTPForm disables verify button when code is not 6 digits","status":"passed","title":"disables verify button when code is not 6 digits","duration":25.894900000000234,"failureMessages":[],"meta":{}},{"ancestorTitles":["InputOTPForm"],"fullName":"InputOTPForm shows error for incomplete code on form submit","status":"passed","title":"shows error for incomplete code on form submit","duration":84.51209999999992,"failureMessages":[],"meta":{}},{"ancestorTitles":["InputOTPForm"],"fullName":"InputOTPForm displays error when onVerify throws","status":"passed","title":"displays error when onVerify throws","duration":272.1794,"failureMessages":[],"meta":{}},{"ancestorTitles":["InputOTPForm"],"fullName":"InputOTPForm calls onResend when resend button is clicked","status":"passed","title":"calls onResend when resend button is clicked","duration":45.3103000000001,"failureMessages":[],"meta":{}},{"ancestorTitles":["InputOTPForm"],"fullName":"InputOTPForm displays error when onResend throws","status":"passed","title":"displays error when onResend throws","duration":64.03360000000066,"failureMessages":[],"meta":{}},{"ancestorTitles":["InputOTPForm"],"fullName":"InputOTPForm shows sending text on resend button while resending","status":"passed","title":"shows sending text on resend button while resending","duration":64.40459999999985,"failureMessages":[],"meta":{}}],"startTime":1775861272929,"endTime":1775861273911.4045,"status":"passed","message":"","name":"E:/repositories/game-guild/game-guild/apps/web/src/components/__tests__/input-otp-form.test.tsx"},{"assertionResults":[{"ancestorTitles":["SignInForm"],"fullName":"SignInForm renders the login form with all required elements","status":"passed","title":"renders the login form with all required elements","duration":356.02179999999953,"failureMessages":[],"meta":{}},{"ancestorTitles":["SignInForm"],"fullName":"SignInForm renders navigation links","status":"passed","title":"renders navigation links","duration":27.882300000000214,"failureMessages":[],"meta":{}},{"ancestorTitles":["SignInForm"],"fullName":"SignInForm shows error when email is empty on submit","status":"passed","title":"shows error when email is empty on submit","duration":162.82459999999992,"failureMessages":[],"meta":{}},{"ancestorTitles":["SignInForm"],"fullName":"SignInForm shows error when password is empty on submit","status":"passed","title":"shows error when password is empty on submit","duration":440.4564999999993,"failureMessages":[],"meta":{}},{"ancestorTitles":["SignInForm"],"fullName":"SignInForm clears field error when user starts typing","status":"passed","title":"clears field error when user starts typing","duration":170.75870000000032,"failureMessages":[],"meta":{}},{"ancestorTitles":["SignInForm"],"fullName":"SignInForm calls signIn with credentials on valid submission","status":"passed","title":"calls signIn with credentials on valid submission","duration":647.5707000000002,"failureMessages":[],"meta":{}},{"ancestorTitles":["SignInForm"],"fullName":"SignInForm calls signIn with apple provider when Apple button is clicked","status":"passed","title":"calls signIn with apple provider when Apple button is clicked","duration":97.80109999999968,"failureMessages":[],"meta":{}},{"ancestorTitles":["SignInForm"],"fullName":"SignInForm calls signIn with google provider when Google button is clicked","status":"passed","title":"calls signIn with google provider when Google button is clicked","duration":57.21140000000014,"failureMessages":[],"meta":{}},{"ancestorTitles":["SignInForm"],"fullName":"SignInForm shows loading text and disables inputs while loading","status":"passed","title":"shows loading text and disables inputs while loading","duration":35.21339999999964,"failureMessages":[],"meta":{}},{"ancestorTitles":["SignInForm"],"fullName":"SignInForm displays API error from useAuth","status":"passed","title":"displays API error from useAuth","duration":12.554000000000087,"failureMessages":[],"meta":{}},{"ancestorTitles":["SignInForm"],"fullName":"SignInForm clears error on new submission","status":"passed","title":"clears error on new submission","duration":481.0140000000001,"failureMessages":[],"meta":{}},{"ancestorTitles":["SignInForm"],"fullName":"SignInForm sets aria-invalid on email field when validation fails","status":"passed","title":"sets aria-invalid on email field when validation fails","duration":62.17860000000019,"failureMessages":[],"meta":{}},{"ancestorTitles":["SignInForm"],"fullName":"SignInForm sets aria-invalid on password field when validation fails","status":"passed","title":"sets aria-invalid on password field when validation fails","duration":324.1908999999996,"failureMessages":[],"meta":{}},{"ancestorTitles":["SignInForm"],"fullName":"SignInForm handles signIn rejection gracefully","status":"passed","title":"handles signIn rejection gracefully","duration":592.4770999999992,"failureMessages":[],"meta":{}},{"ancestorTitles":["SignInForm"],"fullName":"SignInForm forwards className prop","status":"passed","title":"forwards className prop","duration":9.27009999999973,"failureMessages":[],"meta":{}}],"startTime":1775861272844,"endTime":1775861276322.27,"status":"passed","message":"","name":"E:/repositories/game-guild/game-guild/apps/web/src/components/__tests__/login-form.test.tsx"},{"assertionResults":[{"ancestorTitles":["SignInForm"],"fullName":"SignInForm renders the login form with all required elements","status":"passed","title":"renders the login form with all required elements","duration":301.4542000000001,"failureMessages":[],"meta":{}},{"ancestorTitles":["SignInForm"],"fullName":"SignInForm renders navigation links","status":"passed","title":"renders navigation links","duration":42.22330000000056,"failureMessages":[],"meta":{}},{"ancestorTitles":["SignInForm"],"fullName":"SignInForm shows error when email is empty on submit","status":"passed","title":"shows error when email is empty on submit","duration":207.98959999999988,"failureMessages":[],"meta":{}},{"ancestorTitles":["SignInForm"],"fullName":"SignInForm shows error when password is empty on submit","status":"passed","title":"shows error when password is empty on submit","duration":481.1295,"failureMessages":[],"meta":{}},{"ancestorTitles":["SignInForm"],"fullName":"SignInForm clears field error when user starts typing","status":"passed","title":"clears field error when user starts typing","duration":152.3782999999994,"failureMessages":[],"meta":{}},{"ancestorTitles":["SignInForm"],"fullName":"SignInForm calls signIn with credentials on valid submission","status":"passed","title":"calls signIn with credentials on valid submission","duration":614.5122000000001,"failureMessages":[],"meta":{}},{"ancestorTitles":["SignInForm"],"fullName":"SignInForm calls signIn with apple provider when Apple button is clicked","status":"passed","title":"calls signIn with apple provider when Apple button is clicked","duration":80.43149999999969,"failureMessages":[],"meta":{}},{"ancestorTitles":["SignInForm"],"fullName":"SignInForm calls signIn with google provider when Google button is clicked","status":"passed","title":"calls signIn with google provider when Google button is clicked","duration":77.98850000000039,"failureMessages":[],"meta":{}},{"ancestorTitles":["SignInForm"],"fullName":"SignInForm shows loading text and disables inputs while loading","status":"passed","title":"shows loading text and disables inputs while loading","duration":43.38270000000011,"failureMessages":[],"meta":{}},{"ancestorTitles":["SignInForm"],"fullName":"SignInForm displays API error from useAuth","status":"passed","title":"displays API error from useAuth","duration":11.697699999999713,"failureMessages":[],"meta":{}},{"ancestorTitles":["SignInForm"],"fullName":"SignInForm clears error on new submission","status":"passed","title":"clears error on new submission","duration":485.6798000000008,"failureMessages":[],"meta":{}},{"ancestorTitles":["SignInForm"],"fullName":"SignInForm sets aria-invalid on email field when validation fails","status":"passed","title":"sets aria-invalid on email field when validation fails","duration":77.42459999999937,"failureMessages":[],"meta":{}},{"ancestorTitles":["SignInForm"],"fullName":"SignInForm sets aria-invalid on password field when validation fails","status":"passed","title":"sets aria-invalid on password field when validation fails","duration":325.3897999999999,"failureMessages":[],"meta":{}},{"ancestorTitles":["SignInForm"],"fullName":"SignInForm handles signIn rejection gracefully","status":"passed","title":"handles signIn rejection gracefully","duration":606.0296000000017,"failureMessages":[],"meta":{}},{"ancestorTitles":["SignInForm"],"fullName":"SignInForm forwards className prop","status":"passed","title":"forwards className prop","duration":6.945499999999811,"failureMessages":[],"meta":{}}],"startTime":1775861272818,"endTime":1775861276333.9456,"status":"passed","message":"","name":"E:/repositories/game-guild/game-guild/apps/web/src/components/__tests__/sign-in-form.test.tsx"},{"assertionResults":[{"ancestorTitles":["SignupForm"],"fullName":"SignupForm renders the signup form with all required elements","status":"passed","title":"renders the signup form with all required elements","duration":198.95609999999942,"failureMessages":[],"meta":{}},{"ancestorTitles":["SignupForm"],"fullName":"SignupForm renders navigation links","status":"passed","title":"renders navigation links","duration":36.47049999999945,"failureMessages":[],"meta":{}},{"ancestorTitles":["SignupForm"],"fullName":"SignupForm shows error when name is empty on submit","status":"passed","title":"shows error when name is empty on submit","duration":146.80139999999938,"failureMessages":[],"meta":{}},{"ancestorTitles":["SignupForm"],"fullName":"SignupForm shows error when email is empty on submit","status":"passed","title":"shows error when email is empty on submit","duration":301.8596000000007,"failureMessages":[],"meta":{}},{"ancestorTitles":["SignupForm"],"fullName":"SignupForm shows error when password is empty on submit","status":"passed","title":"shows error when password is empty on submit","duration":346.45090000000073,"failureMessages":[],"meta":{}},{"ancestorTitles":["SignupForm"],"fullName":"SignupForm shows error when password is less than 8 characters","status":"passed","title":"shows error when password is less than 8 characters","duration":572.1857,"failureMessages":[],"meta":{}},{"ancestorTitles":["SignupForm"],"fullName":"SignupForm shows error when confirm password is empty","status":"passed","title":"shows error when confirm password is empty","duration":492.6277999999993,"failureMessages":[],"meta":{}},{"ancestorTitles":["SignupForm"],"fullName":"SignupForm shows error when passwords do not match","status":"passed","title":"shows error when passwords do not match","duration":637.5794999999998,"failureMessages":[],"meta":{}},{"ancestorTitles":["SignupForm"],"fullName":"SignupForm shows multiple field errors simultaneously","status":"passed","title":"shows multiple field errors simultaneously","duration":63.3096000000005,"failureMessages":[],"meta":{}},{"ancestorTitles":["SignupForm"],"fullName":"SignupForm clears individual field error when user starts typing","status":"passed","title":"clears individual field error when user starts typing","duration":122.11150000000089,"failureMessages":[],"meta":{}},{"ancestorTitles":["SignupForm"],"fullName":"SignupForm calls signUp with correct data on valid submission","status":"passed","title":"calls signUp with correct data on valid submission","duration":716.1391000000003,"failureMessages":[],"meta":{}},{"ancestorTitles":["SignupForm"],"fullName":"SignupForm derives username from email prefix","status":"passed","title":"derives username from email prefix","duration":684.0349999999999,"failureMessages":[],"meta":{}},{"ancestorTitles":["SignupForm"],"fullName":"SignupForm handles single name (no last name)","status":"passed","title":"handles single name (no last name)","duration":635.2857999999997,"failureMessages":[],"meta":{}},{"ancestorTitles":["SignupForm"],"fullName":"SignupForm shows loading text and disables inputs while loading","status":"passed","title":"shows loading text and disables inputs while loading","duration":25.222899999998845,"failureMessages":[],"meta":{}},{"ancestorTitles":["SignupForm"],"fullName":"SignupForm displays API error from useAuth","status":"passed","title":"displays API error from useAuth","duration":12.874900000000707,"failureMessages":[],"meta":{}},{"ancestorTitles":["SignupForm"],"fullName":"SignupForm handles signUp rejection gracefully","status":"passed","title":"handles signUp rejection gracefully","duration":695.7079000000012,"failureMessages":[],"meta":{}},{"ancestorTitles":["SignupForm"],"fullName":"SignupForm sets aria-invalid on fields when validation fails","status":"passed","title":"sets aria-invalid on fields when validation fails","duration":62.6213000000007,"failureMessages":[],"meta":{}},{"ancestorTitles":["SignupForm"],"fullName":"SignupForm forwards className prop","status":"passed","title":"forwards className prop","duration":11.10529999999926,"failureMessages":[],"meta":{}}],"startTime":1775861272818,"endTime":1775861278580.1052,"status":"passed","message":"","name":"E:/repositories/game-guild/game-guild/apps/web/src/components/__tests__/signup-form.test.tsx"},{"assertionResults":[{"ancestorTitles":["VerifyPageContent"],"fullName":"VerifyPageContent redirects to /sign-in when email param is missing","status":"passed","title":"redirects to /sign-in when email param is missing","duration":26.35739999999987,"failureMessages":[],"meta":{}},{"ancestorTitles":["VerifyPageContent"],"fullName":"VerifyPageContent renders OTP form when email param is present","status":"passed","title":"renders OTP form when email param is present","duration":66.8730000000005,"failureMessages":[],"meta":{}},{"ancestorTitles":["VerifyPageContent"],"fullName":"VerifyPageContent renders the resend button","status":"passed","title":"renders the resend button","duration":108.59840000000077,"failureMessages":[],"meta":{}}],"startTime":1775861274235,"endTime":1775861274437.5984,"status":"passed","message":"","name":"E:/repositories/game-guild/game-guild/apps/web/src/components/__tests__/verify-page-content.test.tsx"},{"assertionResults":[{"ancestorTitles":["API Client Package Integration","Package Installation"],"fullName":"API Client Package Integration Package Installation should have @game-guild/client in dependencies","status":"passed","title":"should have @game-guild/client in dependencies","duration":34.49499999999989,"failureMessages":[],"meta":{}},{"ancestorTitles":["API Client Package Integration","Main Entry Point"],"fullName":"API Client Package Integration Main Entry Point should import createClient successfully","status":"passed","title":"should import createClient successfully","duration":2239.5732,"failureMessages":[],"meta":{}},{"ancestorTitles":["API Client Package Integration","Main Entry Point"],"fullName":"API Client Package Integration Main Entry Point should import ApiError type","status":"passed","title":"should import ApiError type","duration":0.6984000000002197,"failureMessages":[],"meta":{}},{"ancestorTitles":["API Client Package Integration","Main Entry Point"],"fullName":"API Client Package Integration Main Entry Point should create a client instance","status":"passed","title":"should create a client instance","duration":1.0365999999994528,"failureMessages":[],"meta":{}},{"ancestorTitles":["API Client Package Integration","Next.js Integration Entry Point"],"fullName":"API Client Package Integration Next.js Integration Entry Point should import Next.js utilities","status":"passed","title":"should import Next.js utilities","duration":106.89369999999963,"failureMessages":[],"meta":{}},{"ancestorTitles":["API Client Package Integration","Next.js Integration Entry Point"],"fullName":"API Client Package Integration Next.js Integration Entry Point should create Next.js client","status":"passed","title":"should create Next.js client","duration":2.1018999999996595,"failureMessages":[],"meta":{}},{"ancestorTitles":["API Client Package Integration","React Integration Entry Point"],"fullName":"API Client Package Integration React Integration Entry Point should import React utilities","status":"passed","title":"should import React utilities","duration":2.42029999999977,"failureMessages":[],"meta":{}},{"ancestorTitles":["API Client Package Integration","Client Configuration"],"fullName":"API Client Package Integration Client Configuration should accept baseUrl configuration","status":"passed","title":"should accept baseUrl configuration","duration":0.47730000000046857,"failureMessages":[],"meta":{}},{"ancestorTitles":["API Client Package Integration","Client Configuration"],"fullName":"API Client Package Integration Client Configuration should accept headers configuration","status":"passed","title":"should accept headers configuration","duration":0.6909000000005108,"failureMessages":[],"meta":{}},{"ancestorTitles":["API Client Package Integration","Client Configuration"],"fullName":"API Client Package Integration Client Configuration should accept auth configuration","status":"passed","title":"should accept auth configuration","duration":0.5691999999999098,"failureMessages":[],"meta":{}},{"ancestorTitles":["API Client Package Integration","Client Configuration"],"fullName":"API Client Package Integration Client Configuration should accept interceptors","status":"passed","title":"should accept interceptors","duration":0.38699999999971624,"failureMessages":[],"meta":{}},{"ancestorTitles":["API Client Package Integration","Type Safety"],"fullName":"API Client Package Integration Type Safety should provide typed client methods","status":"passed","title":"should provide typed client methods","duration":0.420999999999367,"failureMessages":[],"meta":{}},{"ancestorTitles":["API Client Package Integration","Type Safety"],"fullName":"API Client Package Integration Type Safety should export error types","status":"passed","title":"should export error types","duration":0.42630000000008295,"failureMessages":[],"meta":{}},{"ancestorTitles":["API Client Package Integration","Error Handling"],"fullName":"API Client Package Integration Error Handling should handle client creation errors gracefully","status":"passed","title":"should handle client creation errors gracefully","duration":1.514299999999821,"failureMessages":[],"meta":{}},{"ancestorTitles":["API Client Package Integration","Module System Compatibility"],"fullName":"API Client Package Integration Module System Compatibility should work with ES modules import","status":"passed","title":"should work with ES modules import","duration":0.37879999999950087,"failureMessages":[],"meta":{}},{"ancestorTitles":["API Client Package Integration","Module System Compatibility"],"fullName":"API Client Package Integration Module System Compatibility should export all required sub-modules","status":"passed","title":"should export all required sub-modules","duration":1.6352000000006228,"failureMessages":[],"meta":{}},{"ancestorTitles":["API Client Package Integration","Build Output Verification"],"fullName":"API Client Package Integration Build Output Verification should have TypeScript definitions","status":"passed","title":"should have TypeScript definitions","duration":0.6393999999991138,"failureMessages":[],"meta":{}}],"startTime":1775861271960,"endTime":1775861274356.6394,"status":"passed","message":"","name":"E:/repositories/game-guild/game-guild/apps/web/src/lib/__tests__/api-client-integration.test.ts"},{"assertionResults":[{"ancestorTitles":["API Client Integration","Basic Client Creation"],"fullName":"API Client Integration Basic Client Creation should create a client with base configuration","status":"passed","title":"should create a client with base configuration","duration":2.2905999999993583,"failureMessages":[],"meta":{}},{"ancestorTitles":["API Client Integration","Basic Client Creation"],"fullName":"API Client Integration Basic Client Creation should create client with authentication","status":"passed","title":"should create client with authentication","duration":0.5162000000000262,"failureMessages":[],"meta":{}},{"ancestorTitles":["API Client Integration","Next.js Integration"],"fullName":"API Client Integration Next.js Integration should export createNextClient","status":"passed","title":"should export createNextClient","duration":103.4973,"failureMessages":[],"meta":{}},{"ancestorTitles":["API Client Integration","Next.js Integration"],"fullName":"API Client Integration Next.js Integration should export createServerClient","status":"passed","title":"should export createServerClient","duration":1.7663000000002285,"failureMessages":[],"meta":{}},{"ancestorTitles":["API Client Integration","Next.js Integration"],"fullName":"API Client Integration Next.js Integration should create Next.js client","status":"passed","title":"should create Next.js client","duration":1.8702000000002954,"failureMessages":[],"meta":{}},{"ancestorTitles":["API Client Integration","Type Safety"],"fullName":"API Client Integration Type Safety should provide typed API methods","status":"passed","title":"should provide typed API methods","duration":0.730199999999968,"failureMessages":[],"meta":{}},{"ancestorTitles":["API Client Integration","Type Safety"],"fullName":"API Client Integration Type Safety should support interceptors","status":"passed","title":"should support interceptors","duration":0.36490000000048894,"failureMessages":[],"meta":{}},{"ancestorTitles":["API Client Integration","Error Handling"],"fullName":"API Client Integration Error Handling should handle network errors gracefully","status":"passed","title":"should handle network errors gracefully","duration":0.3150999999998021,"failureMessages":[],"meta":{}},{"ancestorTitles":["API Client Integration","Module Exports"],"fullName":"API Client Integration Module Exports should export createClient from main entry","status":"passed","title":"should export createClient from main entry","duration":0.7010000000000218,"failureMessages":[],"meta":{}},{"ancestorTitles":["API Client Integration","Module Exports"],"fullName":"API Client Integration Module Exports should export Next.js utilities","status":"passed","title":"should export Next.js utilities","duration":2.1148000000002867,"failureMessages":[],"meta":{}}],"startTime":1775861274237,"endTime":1775861274352.1147,"status":"passed","message":"","name":"E:/repositories/game-guild/game-guild/apps/web/src/lib/__tests__/api-client.integration.test.ts"},{"assertionResults":[{"ancestorTitles":["useAuth"],"fullName":"useAuth returns initial state with isLoading false and no error","status":"passed","title":"returns initial state with isLoading false and no error","duration":33.67239999999947,"failureMessages":[],"meta":{}},{"ancestorTitles":["useAuth","CSRF token"],"fullName":"useAuth CSRF token fetches CSRF token before signIn","status":"passed","title":"fetches CSRF token before signIn","duration":9.789099999999962,"failureMessages":[],"meta":{}},{"ancestorTitles":["useAuth","CSRF token"],"fullName":"useAuth CSRF token throws when CSRF fetch fails","status":"passed","title":"throws when CSRF fetch fails","duration":5.573699999999917,"failureMessages":[],"meta":{}},{"ancestorTitles":["useAuth","signIn"],"fullName":"useAuth signIn sends credentials to the correct endpoint","status":"passed","title":"sends credentials to the correct endpoint","duration":6.798300000000381,"failureMessages":[],"meta":{}},{"ancestorTitles":["useAuth","signIn"],"fullName":"useAuth signIn sets isLoading to true during signIn","status":"passed","title":"sets isLoading to true during signIn","duration":22.805500000000393,"failureMessages":[],"meta":{}},{"ancestorTitles":["useAuth","signIn"],"fullName":"useAuth signIn sets error on signIn failure","status":"passed","title":"sets error on signIn failure","duration":3.537899999999354,"failureMessages":[],"meta":{}},{"ancestorTitles":["useAuth","signIn"],"fullName":"useAuth signIn handles OAuth redirect by setting window.location.href","status":"passed","title":"handles OAuth redirect by setting window.location.href","duration":2.7453999999997905,"failureMessages":[],"meta":{}},{"ancestorTitles":["useAuth","signIn"],"fullName":"useAuth signIn uses custom basePath","status":"passed","title":"uses custom basePath","duration":4.588399999999638,"failureMessages":[],"meta":{}},{"ancestorTitles":["useAuth","signIn"],"fullName":"useAuth signIn calls sessionContext.update after successful signIn","status":"passed","title":"calls sessionContext.update after successful signIn","duration":4.814099999999598,"failureMessages":[],"meta":{}},{"ancestorTitles":["useAuth","signUp"],"fullName":"useAuth signUp sends signup data to the correct endpoint","status":"passed","title":"sends signup data to the correct endpoint","duration":4.956899999999223,"failureMessages":[],"meta":{}},{"ancestorTitles":["useAuth","signUp"],"fullName":"useAuth signUp sets error on signUp failure","status":"passed","title":"sets error on signUp failure","duration":2.6909000000005108,"failureMessages":[],"meta":{}},{"ancestorTitles":["useAuth","signUp"],"fullName":"useAuth signUp calls sessionContext.update after successful signUp","status":"passed","title":"calls sessionContext.update after successful signUp","duration":2.2226000000000568,"failureMessages":[],"meta":{}},{"ancestorTitles":["useAuth","signOut"],"fullName":"useAuth signOut sends signout request to the correct endpoint","status":"passed","title":"sends signout request to the correct endpoint","duration":2.879899999999907,"failureMessages":[],"meta":{}},{"ancestorTitles":["useAuth","signOut"],"fullName":"useAuth signOut sets error on signOut failure","status":"passed","title":"sets error on signOut failure","duration":2.413900000000467,"failureMessages":[],"meta":{}},{"ancestorTitles":["useAuth","clearError"],"fullName":"useAuth clearError clears the error state","status":"passed","title":"clears the error state","duration":2.231900000000678,"failureMessages":[],"meta":{}}],"startTime":1775861272715,"endTime":1775861272828.232,"status":"passed","message":"","name":"E:/repositories/game-guild/game-guild/apps/web/src/lib/__tests__/use-auth.test.ts"}]}